

Started GET "/" for ::1 at 2015-02-26 20:25:54 -0700
Processing by Rails::WelcomeController#index as HTML
  Rendered /usr/local/lib/ruby/gems/2.1.0/gems/railties-4.2.0/lib/rails/templates/rails/welcome/index.html.erb (1.9ms)
Completed 200 OK in 88ms (Views: 65.8ms | ActiveRecord: 0.0ms)


Started GET "/static_pages/home" for ::1 at 2015-02-26 20:26:19 -0700
Processing by StaticPagesController#home as HTML
  Rendered static_pages/home.html.erb within layouts/application (0.4ms)
Completed 500 Internal Server Error in 180ms

ExecJS::RuntimeUnavailable (Could not find a JavaScript runtime. See https://github.com/sstephenson/execjs for a list of available runtimes.
  (in /usr/local/lib/ruby/gems/2.1.0/gems/turbolinks-2.3.0/lib/assets/javascripts/turbolinks.js.coffee)):
  app/views/layouts/application.html.erb:6:in `_app_views_layouts_application_html_erb__1144046957914912148_69960977380840'


  Rendered /usr/local/lib/ruby/gems/2.1.0/gems/web-console-2.0.0.beta3/lib/action_dispatch/templates/rescues/_source.erb (8.9ms)
  Rendered /usr/local/lib/ruby/gems/2.1.0/gems/web-console-2.0.0.beta3/lib/action_dispatch/templates/rescues/_trace.html.erb (2.8ms)
  Rendered /usr/local/lib/ruby/gems/2.1.0/gems/web-console-2.0.0.beta3/lib/action_dispatch/templates/rescues/_request_and_response.html.erb (0.7ms)
  Rendered /usr/local/lib/ruby/gems/2.1.0/gems/web-console-2.0.0.beta3/lib/action_dispatch/templates/rescues/_web_console.html.erb (0.7ms)
  Rendered /usr/local/lib/ruby/gems/2.1.0/gems/web-console-2.0.0.beta3/lib/action_dispatch/templates/rescues/diagnostics.html.erb within rescues/layout (27.8ms)


Started GET "/static_pages/home" for ::1 at 2015-02-26 20:36:58 -0700
Processing by StaticPagesController#home as HTML
  Rendered static_pages/home.html.erb within layouts/application (0.1ms)
Completed 200 OK in 495ms (Views: 494.0ms | ActiveRecord: 0.0ms)


Started GET "/assets/static_pages-64e62ddc273c2f5847f30d698ca14b67.css?body=1" for ::1 at 2015-02-26 20:36:58 -0700


Started GET "/assets/application-5266d2988799ecc8fe6e81eaab412e7d.css?body=1" for ::1 at 2015-02-26 20:36:59 -0700


Started GET "/assets/static_pages-46c9a194bd0668e67d57241f94473dc8.js?body=1" for ::1 at 2015-02-26 20:36:59 -0700


Started GET "/assets/turbolinks-d9dcd5206ee131f11181e8ca09537148.js?body=1" for ::1 at 2015-02-26 20:36:59 -0700


Started GET "/assets/jquery_ujs-e27bd20a10d28155845a22d71ef94f2f.js?body=1" for ::1 at 2015-02-26 20:36:59 -0700


Started GET "/assets/jquery-87424c3c19e96d4fb033c10ebe21ec40.js?body=1" for ::1 at 2015-02-26 20:36:59 -0700


Started GET "/assets/application-27c76326507f83da3c0ff47a3c8c1ada.js?body=1" for ::1 at 2015-02-26 20:36:59 -0700


Started GET "/static_pages/help" for ::1 at 2015-02-26 20:37:57 -0700
Processing by StaticPagesController#help as HTML
  Rendered static_pages/help.html.erb within layouts/application (3.6ms)
Completed 200 OK in 51ms (Views: 49.8ms | ActiveRecord: 0.0ms)


Started GET "/static_pages/help" for ::1 at 2015-02-26 20:40:31 -0700
Processing by StaticPagesController#help as HTML
  Rendered static_pages/help.html.erb within layouts/application (0.4ms)
Completed 200 OK in 50ms (Views: 49.6ms | ActiveRecord: 0.0ms)


Started GET "/assets/static_pages-64e62ddc273c2f5847f30d698ca14b67.css?body=1" for ::1 at 2015-02-26 20:40:31 -0700


Started GET "/assets/application-5266d2988799ecc8fe6e81eaab412e7d.css?body=1" for ::1 at 2015-02-26 20:40:31 -0700


Started GET "/assets/turbolinks-d9dcd5206ee131f11181e8ca09537148.js?body=1" for ::1 at 2015-02-26 20:40:31 -0700


Started GET "/assets/jquery-87424c3c19e96d4fb033c10ebe21ec40.js?body=1" for ::1 at 2015-02-26 20:40:31 -0700


Started GET "/assets/jquery_ujs-e27bd20a10d28155845a22d71ef94f2f.js?body=1" for ::1 at 2015-02-26 20:40:31 -0700


Started GET "/assets/application-27c76326507f83da3c0ff47a3c8c1ada.js?body=1" for ::1 at 2015-02-26 20:40:31 -0700


Started GET "/assets/static_pages-46c9a194bd0668e67d57241f94473dc8.js?body=1" for ::1 at 2015-02-26 20:40:31 -0700


Started GET "/static_pages/help" for ::1 at 2015-02-26 21:23:41 -0700
Processing by StaticPagesController#help as HTML
  Rendered static_pages/help.html.erb within layouts/application (0.9ms)
Completed 200 OK in 254ms (Views: 187.1ms | ActiveRecord: 0.0ms)


Started GET "/assets/static_pages-64e62ddc273c2f5847f30d698ca14b67.css?body=1" for ::1 at 2015-02-26 21:23:41 -0700


Started GET "/assets/application-5266d2988799ecc8fe6e81eaab412e7d.css?body=1" for ::1 at 2015-02-26 21:23:41 -0700


Started GET "/assets/static_pages-46c9a194bd0668e67d57241f94473dc8.js?body=1" for ::1 at 2015-02-26 21:23:41 -0700


Started GET "/assets/turbolinks-d9dcd5206ee131f11181e8ca09537148.js?body=1" for ::1 at 2015-02-26 21:23:41 -0700


Started GET "/assets/jquery-87424c3c19e96d4fb033c10ebe21ec40.js?body=1" for ::1 at 2015-02-26 21:23:41 -0700


Started GET "/assets/jquery_ujs-e27bd20a10d28155845a22d71ef94f2f.js?body=1" for ::1 at 2015-02-26 21:23:41 -0700


Started GET "/assets/application-27c76326507f83da3c0ff47a3c8c1ada.js?body=1" for ::1 at 2015-02-26 21:23:41 -0700


Started GET "/static_pages/about" for ::1 at 2015-02-26 21:23:45 -0700
Processing by StaticPagesController#about as HTML
  Rendered static_pages/about.html.erb within layouts/application (0.4ms)
Completed 200 OK in 55ms (Views: 54.6ms | ActiveRecord: 0.0ms)


Started GET "/assets/static_pages-64e62ddc273c2f5847f30d698ca14b67.css?body=1" for ::1 at 2015-02-26 21:23:45 -0700


Started GET "/assets/application-5266d2988799ecc8fe6e81eaab412e7d.css?body=1" for ::1 at 2015-02-26 21:23:45 -0700


Started GET "/assets/jquery-87424c3c19e96d4fb033c10ebe21ec40.js?body=1" for ::1 at 2015-02-26 21:23:45 -0700


Started GET "/assets/jquery_ujs-e27bd20a10d28155845a22d71ef94f2f.js?body=1" for ::1 at 2015-02-26 21:23:45 -0700


Started GET "/assets/turbolinks-d9dcd5206ee131f11181e8ca09537148.js?body=1" for ::1 at 2015-02-26 21:23:45 -0700


Started GET "/assets/static_pages-46c9a194bd0668e67d57241f94473dc8.js?body=1" for ::1 at 2015-02-26 21:23:45 -0700


Started GET "/assets/application-27c76326507f83da3c0ff47a3c8c1ada.js?body=1" for ::1 at 2015-02-26 21:23:45 -0700


Started GET "/" for ::1 at 2015-02-26 22:02:00 -0700
Processing by StaticPagesController#home as HTML
  Rendered static_pages/home.html.erb within layouts/application (1.3ms)
Completed 200 OK in 327ms (Views: 297.6ms | ActiveRecord: 0.0ms)


Started GET "/assets/static_pages-64e62ddc273c2f5847f30d698ca14b67.css?body=1" for ::1 at 2015-02-26 22:02:00 -0700


Started GET "/assets/application-5266d2988799ecc8fe6e81eaab412e7d.css?body=1" for ::1 at 2015-02-26 22:02:00 -0700


Started GET "/assets/jquery-87424c3c19e96d4fb033c10ebe21ec40.js?body=1" for ::1 at 2015-02-26 22:02:00 -0700


Started GET "/assets/turbolinks-d9dcd5206ee131f11181e8ca09537148.js?body=1" for ::1 at 2015-02-26 22:02:00 -0700


Started GET "/assets/application-27c76326507f83da3c0ff47a3c8c1ada.js?body=1" for ::1 at 2015-02-26 22:02:01 -0700


Started GET "/assets/static_pages-46c9a194bd0668e67d57241f94473dc8.js?body=1" for ::1 at 2015-02-26 22:02:01 -0700


Started GET "/assets/jquery_ujs-e27bd20a10d28155845a22d71ef94f2f.js?body=1" for ::1 at 2015-02-26 22:02:01 -0700


Started GET "/" for ::1 at 2015-02-26 22:42:31 -0700
Processing by StaticPagesController#home as HTML
  Rendered static_pages/home.html.erb within layouts/application (1.0ms)
Completed 200 OK in 112ms (Views: 96.7ms | ActiveRecord: 0.0ms)


Started GET "/assets/static_pages-64e62ddc273c2f5847f30d698ca14b67.css?body=1" for ::1 at 2015-02-26 22:42:31 -0700


Started GET "/assets/application-27c76326507f83da3c0ff47a3c8c1ada.js?body=1" for ::1 at 2015-02-26 22:42:31 -0700


Started GET "/assets/turbolinks-d9dcd5206ee131f11181e8ca09537148.js?body=1" for ::1 at 2015-02-26 22:42:31 -0700


Started GET "/assets/jquery-87424c3c19e96d4fb033c10ebe21ec40.js?body=1" for ::1 at 2015-02-26 22:42:31 -0700


Started GET "/assets/jquery_ujs-e27bd20a10d28155845a22d71ef94f2f.js?body=1" for ::1 at 2015-02-26 22:42:31 -0700


Started GET "/assets/application-5266d2988799ecc8fe6e81eaab412e7d.css?body=1" for ::1 at 2015-02-26 22:42:31 -0700


Started GET "/assets/static_pages-46c9a194bd0668e67d57241f94473dc8.js?body=1" for ::1 at 2015-02-26 22:42:31 -0700


Started GET "/static_pages/about" for ::1 at 2015-02-26 22:42:42 -0700
Processing by StaticPagesController#about as HTML
  Rendered static_pages/about.html.erb within layouts/application (5.4ms)
Completed 200 OK in 53ms (Views: 52.9ms | ActiveRecord: 0.0ms)


Started GET "/assets/static_pages-64e62ddc273c2f5847f30d698ca14b67.css?body=1" for ::1 at 2015-02-26 22:42:42 -0700


Started GET "/assets/application-5266d2988799ecc8fe6e81eaab412e7d.css?body=1" for ::1 at 2015-02-26 22:42:42 -0700


Started GET "/assets/jquery_ujs-e27bd20a10d28155845a22d71ef94f2f.js?body=1" for ::1 at 2015-02-26 22:42:42 -0700


Started GET "/assets/turbolinks-d9dcd5206ee131f11181e8ca09537148.js?body=1" for ::1 at 2015-02-26 22:42:42 -0700


Started GET "/assets/static_pages-46c9a194bd0668e67d57241f94473dc8.js?body=1" for ::1 at 2015-02-26 22:42:42 -0700


Started GET "/assets/application-27c76326507f83da3c0ff47a3c8c1ada.js?body=1" for ::1 at 2015-02-26 22:42:42 -0700


Started GET "/assets/jquery-87424c3c19e96d4fb033c10ebe21ec40.js?body=1" for ::1 at 2015-02-26 22:42:42 -0700


Started GET "/static_pages/help" for ::1 at 2015-02-26 22:42:59 -0700
Processing by StaticPagesController#help as HTML
  Rendered static_pages/help.html.erb within layouts/application (6.1ms)
Completed 200 OK in 53ms (Views: 52.6ms | ActiveRecord: 0.0ms)


Started GET "/assets/static_pages-64e62ddc273c2f5847f30d698ca14b67.css?body=1" for ::1 at 2015-02-26 22:42:59 -0700


Started GET "/assets/application-5266d2988799ecc8fe6e81eaab412e7d.css?body=1" for ::1 at 2015-02-26 22:42:59 -0700


Started GET "/assets/jquery-87424c3c19e96d4fb033c10ebe21ec40.js?body=1" for ::1 at 2015-02-26 22:42:59 -0700


Started GET "/assets/turbolinks-d9dcd5206ee131f11181e8ca09537148.js?body=1" for ::1 at 2015-02-26 22:42:59 -0700


Started GET "/assets/static_pages-46c9a194bd0668e67d57241f94473dc8.js?body=1" for ::1 at 2015-02-26 22:42:59 -0700


Started GET "/assets/jquery_ujs-e27bd20a10d28155845a22d71ef94f2f.js?body=1" for ::1 at 2015-02-26 22:42:59 -0700


Started GET "/assets/application-27c76326507f83da3c0ff47a3c8c1ada.js?body=1" for ::1 at 2015-02-26 22:42:59 -0700


Started GET "/static_pages/help" for ::1 at 2015-02-26 23:03:48 -0700
Processing by StaticPagesController#help as HTML
  Rendered static_pages/help.html.erb within layouts/application (2.6ms)
Completed 200 OK in 144ms (Views: 93.2ms | ActiveRecord: 0.0ms)


Started GET "/assets/static_pages-64e62ddc273c2f5847f30d698ca14b67.css?body=1" for ::1 at 2015-02-26 23:03:48 -0700


Started GET "/assets/turbolinks-d9dcd5206ee131f11181e8ca09537148.js?body=1" for ::1 at 2015-02-26 23:03:48 -0700


Started GET "/assets/jquery-87424c3c19e96d4fb033c10ebe21ec40.js?body=1" for ::1 at 2015-02-26 23:03:48 -0700


Started GET "/assets/application-5266d2988799ecc8fe6e81eaab412e7d.css?body=1" for ::1 at 2015-02-26 23:03:48 -0700


Started GET "/assets/jquery_ujs-e27bd20a10d28155845a22d71ef94f2f.js?body=1" for ::1 at 2015-02-26 23:03:48 -0700


Started GET "/assets/application-27c76326507f83da3c0ff47a3c8c1ada.js?body=1" for ::1 at 2015-02-26 23:03:48 -0700


Started GET "/assets/static_pages-46c9a194bd0668e67d57241f94473dc8.js?body=1" for ::1 at 2015-02-26 23:03:48 -0700


Started GET "/" for ::1 at 2015-02-26 23:03:53 -0700
Processing by StaticPagesController#home as HTML
  Rendered static_pages/home.html.erb within layouts/application (0.4ms)
Completed 200 OK in 55ms (Views: 54.0ms | ActiveRecord: 0.0ms)


Started GET "/assets/static_pages-64e62ddc273c2f5847f30d698ca14b67.css?body=1" for ::1 at 2015-02-26 23:03:54 -0700


Started GET "/assets/application-5266d2988799ecc8fe6e81eaab412e7d.css?body=1" for ::1 at 2015-02-26 23:03:54 -0700


Started GET "/assets/jquery-87424c3c19e96d4fb033c10ebe21ec40.js?body=1" for ::1 at 2015-02-26 23:03:54 -0700


Started GET "/assets/jquery_ujs-e27bd20a10d28155845a22d71ef94f2f.js?body=1" for ::1 at 2015-02-26 23:03:54 -0700


Started GET "/assets/turbolinks-d9dcd5206ee131f11181e8ca09537148.js?body=1" for ::1 at 2015-02-26 23:03:54 -0700


Started GET "/assets/static_pages-46c9a194bd0668e67d57241f94473dc8.js?body=1" for ::1 at 2015-02-26 23:03:54 -0700


Started GET "/assets/application-27c76326507f83da3c0ff47a3c8c1ada.js?body=1" for ::1 at 2015-02-26 23:03:54 -0700


Started GET "/static_pages/about" for ::1 at 2015-02-27 19:49:12 -0700
Processing by StaticPagesController#about as HTML
  Rendered static_pages/about.html.erb within layouts/application (2.0ms)
Completed 200 OK in 261ms (Views: 230.6ms | ActiveRecord: 0.0ms)


Started GET "/assets/static_pages-64e62ddc273c2f5847f30d698ca14b67.css?body=1" for ::1 at 2015-02-27 19:49:12 -0700


Started GET "/assets/jquery_ujs-e27bd20a10d28155845a22d71ef94f2f.js?body=1" for ::1 at 2015-02-27 19:49:12 -0700


Started GET "/assets/turbolinks-d9dcd5206ee131f11181e8ca09537148.js?body=1" for ::1 at 2015-02-27 19:49:12 -0700


Started GET "/assets/static_pages-46c9a194bd0668e67d57241f94473dc8.js?body=1" for ::1 at 2015-02-27 19:49:12 -0700


Started GET "/assets/jquery-87424c3c19e96d4fb033c10ebe21ec40.js?body=1" for ::1 at 2015-02-27 19:49:12 -0700


Started GET "/assets/application-5266d2988799ecc8fe6e81eaab412e7d.css?body=1" for ::1 at 2015-02-27 19:49:12 -0700


Started GET "/assets/application-27c76326507f83da3c0ff47a3c8c1ada.js?body=1" for ::1 at 2015-02-27 19:49:12 -0700


Started GET "/static_pages/about" for ::1 at 2015-02-27 22:09:44 -0700
Processing by StaticPagesController#about as HTML
  Rendered static_pages/about.html.erb within layouts/application (1.7ms)
Completed 200 OK in 179ms (Views: 141.4ms | ActiveRecord: 0.0ms)


Started GET "/assets/static_pages-64e62ddc273c2f5847f30d698ca14b67.css?body=1" for ::1 at 2015-02-27 22:09:44 -0700


Started GET "/assets/static_pages-46c9a194bd0668e67d57241f94473dc8.js?body=1" for ::1 at 2015-02-27 22:09:44 -0700


Started GET "/assets/turbolinks-d9dcd5206ee131f11181e8ca09537148.js?body=1" for ::1 at 2015-02-27 22:09:44 -0700


Started GET "/assets/jquery_ujs-e27bd20a10d28155845a22d71ef94f2f.js?body=1" for ::1 at 2015-02-27 22:09:44 -0700


Started GET "/assets/application-5266d2988799ecc8fe6e81eaab412e7d.css?body=1" for ::1 at 2015-02-27 22:09:44 -0700


Started GET "/assets/jquery-87424c3c19e96d4fb033c10ebe21ec40.js?body=1" for ::1 at 2015-02-27 22:09:44 -0700


Started GET "/assets/application-27c76326507f83da3c0ff47a3c8c1ada.js?body=1" for ::1 at 2015-02-27 22:09:44 -0700


Started GET "/static_pages/about" for ::1 at 2015-02-27 22:19:44 -0700
Processing by StaticPagesController#about as HTML
  Rendered static_pages/about.html.erb within layouts/application (0.8ms)
Completed 200 OK in 112ms (Views: 97.4ms | ActiveRecord: 0.0ms)


Started GET "/" for ::1 at 2015-02-28 10:04:55 -0700
Processing by StaticPagesController#home as HTML
  Rendered static_pages/home.html.erb within layouts/application (4.4ms)
Completed 200 OK in 318ms (Views: 279.4ms | ActiveRecord: 0.0ms)


Started GET "/assets/static_pages-64e62ddc273c2f5847f30d698ca14b67.css?body=1" for ::1 at 2015-02-28 10:04:56 -0700


Started GET "/assets/application-27c76326507f83da3c0ff47a3c8c1ada.js?body=1" for ::1 at 2015-02-28 10:04:56 -0700


Started GET "/assets/static_pages-46c9a194bd0668e67d57241f94473dc8.js?body=1" for ::1 at 2015-02-28 10:04:56 -0700


Started GET "/assets/turbolinks-d9dcd5206ee131f11181e8ca09537148.js?body=1" for ::1 at 2015-02-28 10:04:56 -0700


Started GET "/assets/jquery_ujs-e27bd20a10d28155845a22d71ef94f2f.js?body=1" for ::1 at 2015-02-28 10:04:56 -0700


Started GET "/assets/jquery-87424c3c19e96d4fb033c10ebe21ec40.js?body=1" for ::1 at 2015-02-28 10:04:56 -0700


Started GET "/assets/application-5266d2988799ecc8fe6e81eaab412e7d.css?body=1" for ::1 at 2015-02-28 10:04:56 -0700


Started GET "/" for ::1 at 2015-03-03 01:55:08 -0700
Processing by StaticPagesController#home as HTML
  Rendered static_pages/home.html.erb within layouts/application (18.5ms)
Completed 200 OK in 294ms (Views: 267.9ms | ActiveRecord: 0.0ms)


Started GET "/assets/static_pages-64e62ddc273c2f5847f30d698ca14b67.css?body=1" for ::1 at 2015-03-03 01:55:08 -0700


Started GET "/assets/static_pages-46c9a194bd0668e67d57241f94473dc8.js?body=1" for ::1 at 2015-03-03 01:55:09 -0700


Started GET "/assets/turbolinks-d9dcd5206ee131f11181e8ca09537148.js?body=1" for ::1 at 2015-03-03 01:55:09 -0700


Started GET "/assets/jquery_ujs-e27bd20a10d28155845a22d71ef94f2f.js?body=1" for ::1 at 2015-03-03 01:55:09 -0700


Started GET "/assets/jquery-87424c3c19e96d4fb033c10ebe21ec40.js?body=1" for ::1 at 2015-03-03 01:55:09 -0700


Started GET "/assets/application-5266d2988799ecc8fe6e81eaab412e7d.css?body=1" for ::1 at 2015-03-03 01:55:09 -0700


Started GET "/assets/application-27c76326507f83da3c0ff47a3c8c1ada.js?body=1" for ::1 at 2015-03-03 01:55:09 -0700


Started GET "/" for ::1 at 2015-03-03 01:55:23 -0700
Processing by StaticPagesController#home as HTML
  Rendered static_pages/home.html.erb within layouts/application (0.4ms)
Completed 200 OK in 46ms (Views: 45.8ms | ActiveRecord: 0.0ms)


Started GET "/" for ::1 at 2015-03-03 01:55:24 -0700
Processing by StaticPagesController#home as HTML
  Rendered static_pages/home.html.erb within layouts/application (0.1ms)
Completed 200 OK in 44ms (Views: 43.3ms | ActiveRecord: 0.0ms)


Started GET "/" for ::1 at 2015-03-03 01:56:17 -0700
Processing by StaticPagesController#home as HTML
  Rendered static_pages/home.html.erb within layouts/application (1.0ms)
Completed 200 OK in 99ms (Views: 82.4ms | ActiveRecord: 0.0ms)


Started GET "/assets/static_pages-64e62ddc273c2f5847f30d698ca14b67.css?body=1" for ::1 at 2015-03-03 01:56:17 -0700


Started GET "/assets/application-27c76326507f83da3c0ff47a3c8c1ada.js?body=1" for ::1 at 2015-03-03 01:56:17 -0700


Started GET "/assets/static_pages-46c9a194bd0668e67d57241f94473dc8.js?body=1" for ::1 at 2015-03-03 01:56:17 -0700


Started GET "/assets/turbolinks-d9dcd5206ee131f11181e8ca09537148.js?body=1" for ::1 at 2015-03-03 01:56:17 -0700


Started GET "/assets/jquery_ujs-e27bd20a10d28155845a22d71ef94f2f.js?body=1" for ::1 at 2015-03-03 01:56:17 -0700


Started GET "/assets/application-5266d2988799ecc8fe6e81eaab412e7d.css?body=1" for ::1 at 2015-03-03 01:56:17 -0700


Started GET "/assets/jquery-87424c3c19e96d4fb033c10ebe21ec40.js?body=1" for ::1 at 2015-03-03 01:56:17 -0700


Started GET "/" for ::1 at 2015-03-03 01:58:31 -0700

ActionController::RoutingError (uninitialized constant LayoutsController):
  activesupport (4.2.0) lib/active_support/inflector/methods.rb:261:in `const_get'
  activesupport (4.2.0) lib/active_support/inflector/methods.rb:261:in `block in constantize'
  activesupport (4.2.0) lib/active_support/inflector/methods.rb:259:in `each'
  activesupport (4.2.0) lib/active_support/inflector/methods.rb:259:in `inject'
  activesupport (4.2.0) lib/active_support/inflector/methods.rb:259:in `constantize'
  actionpack (4.2.0) lib/action_dispatch/routing/route_set.rb:69:in `controller_reference'
  actionpack (4.2.0) lib/action_dispatch/routing/route_set.rb:59:in `controller'
  actionpack (4.2.0) lib/action_dispatch/routing/route_set.rb:38:in `serve'
  actionpack (4.2.0) lib/action_dispatch/journey/router.rb:43:in `block in serve'
  actionpack (4.2.0) lib/action_dispatch/journey/router.rb:30:in `each'
  actionpack (4.2.0) lib/action_dispatch/journey/router.rb:30:in `serve'
  actionpack (4.2.0) lib/action_dispatch/routing/route_set.rb:802:in `call'
  rack (1.6.0) lib/rack/etag.rb:24:in `call'
  rack (1.6.0) lib/rack/conditionalget.rb:25:in `call'
  rack (1.6.0) lib/rack/head.rb:13:in `call'
  actionpack (4.2.0) lib/action_dispatch/middleware/params_parser.rb:27:in `call'
  actionpack (4.2.0) lib/action_dispatch/middleware/flash.rb:260:in `call'
  rack (1.6.0) lib/rack/session/abstract/id.rb:225:in `context'
  rack (1.6.0) lib/rack/session/abstract/id.rb:220:in `call'
  actionpack (4.2.0) lib/action_dispatch/middleware/cookies.rb:560:in `call'
  activerecord (4.2.0) lib/active_record/query_cache.rb:36:in `call'
  activerecord (4.2.0) lib/active_record/connection_adapters/abstract/connection_pool.rb:647:in `call'
  activerecord (4.2.0) lib/active_record/migration.rb:378:in `call'
  actionpack (4.2.0) lib/action_dispatch/middleware/callbacks.rb:29:in `block in call'
  activesupport (4.2.0) lib/active_support/callbacks.rb:88:in `call'
  activesupport (4.2.0) lib/active_support/callbacks.rb:88:in `_run_callbacks'
  activesupport (4.2.0) lib/active_support/callbacks.rb:734:in `_run_call_callbacks'
  activesupport (4.2.0) lib/active_support/callbacks.rb:81:in `run_callbacks'
  actionpack (4.2.0) lib/action_dispatch/middleware/callbacks.rb:27:in `call'
  actionpack (4.2.0) lib/action_dispatch/middleware/reloader.rb:73:in `call'
  actionpack (4.2.0) lib/action_dispatch/middleware/remote_ip.rb:78:in `call'
  web-console (2.0.0.beta3) lib/action_dispatch/debug_exceptions.rb:18:in `middleware_call'
  web-console (2.0.0.beta3) lib/action_dispatch/debug_exceptions.rb:13:in `call'
  actionpack (4.2.0) lib/action_dispatch/middleware/show_exceptions.rb:30:in `call'
  railties (4.2.0) lib/rails/rack/logger.rb:38:in `call_app'
  railties (4.2.0) lib/rails/rack/logger.rb:20:in `block in call'
  activesupport (4.2.0) lib/active_support/tagged_logging.rb:68:in `block in tagged'
  activesupport (4.2.0) lib/active_support/tagged_logging.rb:26:in `tagged'
  activesupport (4.2.0) lib/active_support/tagged_logging.rb:68:in `tagged'
  railties (4.2.0) lib/rails/rack/logger.rb:20:in `call'
  actionpack (4.2.0) lib/action_dispatch/middleware/request_id.rb:21:in `call'
  rack (1.6.0) lib/rack/methodoverride.rb:22:in `call'
  rack (1.6.0) lib/rack/runtime.rb:18:in `call'
  activesupport (4.2.0) lib/active_support/cache/strategy/local_cache_middleware.rb:28:in `call'
  rack (1.6.0) lib/rack/lock.rb:17:in `call'
  actionpack (4.2.0) lib/action_dispatch/middleware/static.rb:113:in `call'
  rack (1.6.0) lib/rack/sendfile.rb:113:in `call'
  railties (4.2.0) lib/rails/engine.rb:518:in `call'
  railties (4.2.0) lib/rails/application.rb:164:in `call'
  rack (1.6.0) lib/rack/lock.rb:17:in `call'
  rack (1.6.0) lib/rack/content_length.rb:15:in `call'
  rack (1.6.0) lib/rack/handler/webrick.rb:89:in `service'
  /usr/local/lib/ruby/2.1.0/webrick/httpserver.rb:138:in `service'
  /usr/local/lib/ruby/2.1.0/webrick/httpserver.rb:94:in `run'
  /usr/local/lib/ruby/2.1.0/webrick/server.rb:295:in `block in start_thread'


  Rendered /usr/local/lib/ruby/gems/2.1.0/gems/web-console-2.0.0.beta3/lib/action_dispatch/templates/rescues/_trace.html.erb (5.2ms)
  Rendered /usr/local/lib/ruby/gems/2.1.0/gems/web-console-2.0.0.beta3/lib/action_dispatch/templates/rescues/routing_error.html.erb within rescues/layout (42.1ms)


Started GET "/" for ::1 at 2015-03-03 01:58:40 -0700

ActionController::RoutingError (uninitialized constant LayoutsController):
  activesupport (4.2.0) lib/active_support/inflector/methods.rb:261:in `const_get'
  activesupport (4.2.0) lib/active_support/inflector/methods.rb:261:in `block in constantize'
  activesupport (4.2.0) lib/active_support/inflector/methods.rb:259:in `each'
  activesupport (4.2.0) lib/active_support/inflector/methods.rb:259:in `inject'
  activesupport (4.2.0) lib/active_support/inflector/methods.rb:259:in `constantize'
  actionpack (4.2.0) lib/action_dispatch/routing/route_set.rb:69:in `controller_reference'
  actionpack (4.2.0) lib/action_dispatch/routing/route_set.rb:59:in `controller'
  actionpack (4.2.0) lib/action_dispatch/routing/route_set.rb:38:in `serve'
  actionpack (4.2.0) lib/action_dispatch/journey/router.rb:43:in `block in serve'
  actionpack (4.2.0) lib/action_dispatch/journey/router.rb:30:in `each'
  actionpack (4.2.0) lib/action_dispatch/journey/router.rb:30:in `serve'
  actionpack (4.2.0) lib/action_dispatch/routing/route_set.rb:802:in `call'
  rack (1.6.0) lib/rack/etag.rb:24:in `call'
  rack (1.6.0) lib/rack/conditionalget.rb:25:in `call'
  rack (1.6.0) lib/rack/head.rb:13:in `call'
  actionpack (4.2.0) lib/action_dispatch/middleware/params_parser.rb:27:in `call'
  actionpack (4.2.0) lib/action_dispatch/middleware/flash.rb:260:in `call'
  rack (1.6.0) lib/rack/session/abstract/id.rb:225:in `context'
  rack (1.6.0) lib/rack/session/abstract/id.rb:220:in `call'
  actionpack (4.2.0) lib/action_dispatch/middleware/cookies.rb:560:in `call'
  activerecord (4.2.0) lib/active_record/query_cache.rb:36:in `call'
  activerecord (4.2.0) lib/active_record/connection_adapters/abstract/connection_pool.rb:647:in `call'
  activerecord (4.2.0) lib/active_record/migration.rb:378:in `call'
  actionpack (4.2.0) lib/action_dispatch/middleware/callbacks.rb:29:in `block in call'
  activesupport (4.2.0) lib/active_support/callbacks.rb:88:in `call'
  activesupport (4.2.0) lib/active_support/callbacks.rb:88:in `_run_callbacks'
  activesupport (4.2.0) lib/active_support/callbacks.rb:734:in `_run_call_callbacks'
  activesupport (4.2.0) lib/active_support/callbacks.rb:81:in `run_callbacks'
  actionpack (4.2.0) lib/action_dispatch/middleware/callbacks.rb:27:in `call'
  actionpack (4.2.0) lib/action_dispatch/middleware/reloader.rb:73:in `call'
  actionpack (4.2.0) lib/action_dispatch/middleware/remote_ip.rb:78:in `call'
  web-console (2.0.0.beta3) lib/action_dispatch/debug_exceptions.rb:18:in `middleware_call'
  web-console (2.0.0.beta3) lib/action_dispatch/debug_exceptions.rb:13:in `call'
  actionpack (4.2.0) lib/action_dispatch/middleware/show_exceptions.rb:30:in `call'
  railties (4.2.0) lib/rails/rack/logger.rb:38:in `call_app'
  railties (4.2.0) lib/rails/rack/logger.rb:20:in `block in call'
  activesupport (4.2.0) lib/active_support/tagged_logging.rb:68:in `block in tagged'
  activesupport (4.2.0) lib/active_support/tagged_logging.rb:26:in `tagged'
  activesupport (4.2.0) lib/active_support/tagged_logging.rb:68:in `tagged'
  railties (4.2.0) lib/rails/rack/logger.rb:20:in `call'
  actionpack (4.2.0) lib/action_dispatch/middleware/request_id.rb:21:in `call'
  rack (1.6.0) lib/rack/methodoverride.rb:22:in `call'
  rack (1.6.0) lib/rack/runtime.rb:18:in `call'
  activesupport (4.2.0) lib/active_support/cache/strategy/local_cache_middleware.rb:28:in `call'
  rack (1.6.0) lib/rack/lock.rb:17:in `call'
  actionpack (4.2.0) lib/action_dispatch/middleware/static.rb:113:in `call'
  rack (1.6.0) lib/rack/sendfile.rb:113:in `call'
  railties (4.2.0) lib/rails/engine.rb:518:in `call'
  railties (4.2.0) lib/rails/application.rb:164:in `call'
  rack (1.6.0) lib/rack/lock.rb:17:in `call'
  rack (1.6.0) lib/rack/content_length.rb:15:in `call'
  rack (1.6.0) lib/rack/handler/webrick.rb:89:in `service'
  /usr/local/lib/ruby/2.1.0/webrick/httpserver.rb:138:in `service'
  /usr/local/lib/ruby/2.1.0/webrick/httpserver.rb:94:in `run'
  /usr/local/lib/ruby/2.1.0/webrick/server.rb:295:in `block in start_thread'


  Rendered /usr/local/lib/ruby/gems/2.1.0/gems/web-console-2.0.0.beta3/lib/action_dispatch/templates/rescues/_trace.html.erb (1.4ms)
  Rendered /usr/local/lib/ruby/gems/2.1.0/gems/web-console-2.0.0.beta3/lib/action_dispatch/templates/rescues/routing_error.html.erb within rescues/layout (10.3ms)


Started GET "/" for ::1 at 2015-03-03 02:01:24 -0700
Processing by StaticPagesController#home as HTML
  Rendered static_pages/home.html.erb within layouts/application (4.2ms)
Completed 200 OK in 101ms (Views: 86.7ms | ActiveRecord: 0.0ms)


Started GET "/assets/static_pages-64e62ddc273c2f5847f30d698ca14b67.css?body=1" for ::1 at 2015-03-03 02:01:24 -0700


Started GET "/assets/application-27c76326507f83da3c0ff47a3c8c1ada.js?body=1" for ::1 at 2015-03-03 02:01:24 -0700


Started GET "/assets/static_pages-46c9a194bd0668e67d57241f94473dc8.js?body=1" for ::1 at 2015-03-03 02:01:24 -0700


Started GET "/assets/jquery-87424c3c19e96d4fb033c10ebe21ec40.js?body=1" for ::1 at 2015-03-03 02:01:24 -0700


Started GET "/assets/turbolinks-d9dcd5206ee131f11181e8ca09537148.js?body=1" for ::1 at 2015-03-03 02:01:24 -0700


Started GET "/assets/jquery_ujs-e27bd20a10d28155845a22d71ef94f2f.js?body=1" for ::1 at 2015-03-03 02:01:24 -0700


Started GET "/assets/application-5266d2988799ecc8fe6e81eaab412e7d.css?body=1" for ::1 at 2015-03-03 02:01:24 -0700


Started GET "/assets/rails-be2e3e66a18126c4042f84cd4aae4cb3.png" for ::1 at 2015-03-03 02:01:24 -0700


Started GET "/" for ::1 at 2015-03-03 02:14:19 -0700
Processing by StaticPagesController#home as HTML
  Rendered static_pages/home.html.erb within layouts/application (2.3ms)
Completed 200 OK in 2221ms (Views: 2206.2ms | ActiveRecord: 0.0ms)


Started GET "/assets/custom-2d1b299a5ad316d200b76de7c2899571.css?body=1" for ::1 at 2015-03-03 02:14:21 -0700


Started GET "/assets/turbolinks-d9dcd5206ee131f11181e8ca09537148.js?body=1" for ::1 at 2015-03-03 02:14:21 -0700


Started GET "/assets/jquery_ujs-e27bd20a10d28155845a22d71ef94f2f.js?body=1" for ::1 at 2015-03-03 02:14:21 -0700


Started GET "/assets/jquery-87424c3c19e96d4fb033c10ebe21ec40.js?body=1" for ::1 at 2015-03-03 02:14:21 -0700


Started GET "/assets/static_pages-64e62ddc273c2f5847f30d698ca14b67.css?body=1" for ::1 at 2015-03-03 02:14:21 -0700


Started GET "/assets/application-d754a2f4437b63e83772793a9c654a05.css?body=1" for ::1 at 2015-03-03 02:14:21 -0700


Started GET "/assets/static_pages-46c9a194bd0668e67d57241f94473dc8.js?body=1" for ::1 at 2015-03-03 02:14:21 -0700


Started GET "/assets/application-27c76326507f83da3c0ff47a3c8c1ada.js?body=1" for ::1 at 2015-03-03 02:14:21 -0700


Started GET "/assets/rails-be2e3e66a18126c4042f84cd4aae4cb3.png" for ::1 at 2015-03-03 02:14:21 -0700


Started GET "/" for ::1 at 2015-03-03 02:34:02 -0700
Processing by StaticPagesController#home as HTML
  Rendered static_pages/home.html.erb within layouts/application (0.8ms)
Completed 200 OK in 61ms (Views: 60.8ms | ActiveRecord: 0.0ms)


Started GET "/" for ::1 at 2015-03-03 02:34:03 -0700
Processing by StaticPagesController#home as HTML
  Rendered static_pages/home.html.erb within layouts/application (0.2ms)
Completed 200 OK in 57ms (Views: 56.7ms | ActiveRecord: 0.0ms)


Started GET "/" for ::1 at 2015-03-03 02:34:05 -0700
Processing by StaticPagesController#home as HTML
  Rendered static_pages/home.html.erb within layouts/application (0.2ms)
Completed 200 OK in 94ms (Views: 93.5ms | ActiveRecord: 0.0ms)


Started GET "/" for ::1 at 2015-03-05 17:33:27 -0700
Processing by StaticPagesController#home as HTML
  Rendered static_pages/home.html.erb within layouts/application (7.4ms)
Completed 200 OK in 2045ms (Views: 2028.9ms | ActiveRecord: 0.0ms)


Started GET "/assets/custom-46a6f17bff7c71257cc33336722fcbc3.css?body=1" for ::1 at 2015-03-05 17:33:29 -0700


Started GET "/assets/application-c988d46e6cf740b54a6d2f87f99c63dd.css?body=1" for ::1 at 2015-03-05 17:33:29 -0700


Started GET "/assets/rails-be2e3e66a18126c4042f84cd4aae4cb3.png" for ::1 at 2015-03-05 17:33:29 -0700


Started GET "/" for ::1 at 2015-03-05 19:38:50 -0700
Processing by StaticPagesController#home as HTML
  Rendered static_pages/home.html.erb within layouts/application (2.4ms)
  Rendered layouts/_shim.html.erb (0.3ms)
  Rendered layouts/_header.html.erb (0.4ms)
  Rendered layouts/_footer.html.erb (1.0ms)
Completed 200 OK in 1456ms (Views: 1427.4ms | ActiveRecord: 0.0ms)


Started GET "/assets/custom-143fa8fdeb455b5ff25b7d5dce6d3777.css?body=1" for ::1 at 2015-03-05 19:38:52 -0700


Started GET "/assets/static_pages-46c9a194bd0668e67d57241f94473dc8.js?body=1" for ::1 at 2015-03-05 19:38:52 -0700


Started GET "/assets/turbolinks-d9dcd5206ee131f11181e8ca09537148.js?body=1" for ::1 at 2015-03-05 19:38:52 -0700


Started GET "/assets/jquery-87424c3c19e96d4fb033c10ebe21ec40.js?body=1" for ::1 at 2015-03-05 19:38:52 -0700


Started GET "/assets/application-ced7847502d4431b4f39e6d9c1367f5f.css?body=1" for ::1 at 2015-03-05 19:38:52 -0700


Started GET "/assets/jquery_ujs-e27bd20a10d28155845a22d71ef94f2f.js?body=1" for ::1 at 2015-03-05 19:38:52 -0700


Started GET "/assets/static_pages-64e62ddc273c2f5847f30d698ca14b67.css?body=1" for ::1 at 2015-03-05 19:38:52 -0700


Started GET "/assets/application-27c76326507f83da3c0ff47a3c8c1ada.js?body=1" for ::1 at 2015-03-05 19:38:52 -0700


Started GET "/assets/rails-be2e3e66a18126c4042f84cd4aae4cb3.png" for ::1 at 2015-03-05 19:38:52 -0700


Started GET "/" for ::1 at 2015-03-05 22:13:29 -0700
Processing by StaticPagesController#home as HTML
  Rendered static_pages/home.html.erb within layouts/application (2.6ms)
  Rendered layouts/_shim.html.erb (0.3ms)
  Rendered layouts/_header.html.erb (0.6ms)
  Rendered layouts/_footer.html.erb (0.4ms)
Completed 200 OK in 216ms (Views: 146.5ms | ActiveRecord: 0.0ms)


Started GET "/assets/custom-143fa8fdeb455b5ff25b7d5dce6d3777.css?body=1" for ::1 at 2015-03-05 22:13:29 -0700


Started GET "/assets/turbolinks-d9dcd5206ee131f11181e8ca09537148.js?body=1" for ::1 at 2015-03-05 22:13:29 -0700


Started GET "/assets/jquery_ujs-e27bd20a10d28155845a22d71ef94f2f.js?body=1" for ::1 at 2015-03-05 22:13:29 -0700


Started GET "/assets/jquery-87424c3c19e96d4fb033c10ebe21ec40.js?body=1" for ::1 at 2015-03-05 22:13:29 -0700


Started GET "/assets/application-ced7847502d4431b4f39e6d9c1367f5f.css?body=1" for ::1 at 2015-03-05 22:13:29 -0700


Started GET "/assets/static_pages-64e62ddc273c2f5847f30d698ca14b67.css?body=1" for ::1 at 2015-03-05 22:13:29 -0700


Started GET "/assets/static_pages-46c9a194bd0668e67d57241f94473dc8.js?body=1" for ::1 at 2015-03-05 22:13:29 -0700


Started GET "/assets/application-27c76326507f83da3c0ff47a3c8c1ada.js?body=1" for ::1 at 2015-03-05 22:13:29 -0700


Started GET "/assets/rails-be2e3e66a18126c4042f84cd4aae4cb3.png" for ::1 at 2015-03-05 22:13:30 -0700


Started GET "/about" for ::1 at 2015-03-05 22:13:34 -0700
Processing by StaticPagesController#about as HTML
  Rendered static_pages/about.html.erb within layouts/application (0.3ms)
  Rendered layouts/_shim.html.erb (0.3ms)
  Rendered layouts/_header.html.erb (0.6ms)
  Rendered layouts/_footer.html.erb (0.3ms)
Completed 200 OK in 77ms (Views: 76.0ms | ActiveRecord: 0.0ms)


Started GET "/" for ::1 at 2015-03-05 22:29:21 -0700
Processing by StaticPagesController#home as HTML
  Rendered static_pages/home.html.erb within layouts/application (3.0ms)
  Rendered layouts/_shim.html.erb (0.3ms)
  Rendered layouts/_header.html.erb (0.5ms)
  Rendered layouts/_footer.html.erb (0.7ms)
Completed 200 OK in 1660ms (Views: 1644.8ms | ActiveRecord: 0.0ms)


Started GET "/assets/static_pages-64e62ddc273c2f5847f30d698ca14b67.css?body=1" for ::1 at 2015-03-05 22:29:23 -0700


Started GET "/assets/static_pages-46c9a194bd0668e67d57241f94473dc8.js?body=1" for ::1 at 2015-03-05 22:29:23 -0700


Started GET "/assets/users-64e62ddc273c2f5847f30d698ca14b67.css?body=1" for ::1 at 2015-03-05 22:29:23 -0700


Started GET "/assets/jquery_ujs-e27bd20a10d28155845a22d71ef94f2f.js?body=1" for ::1 at 2015-03-05 22:29:23 -0700


Started GET "/assets/jquery-87424c3c19e96d4fb033c10ebe21ec40.js?body=1" for ::1 at 2015-03-05 22:29:23 -0700


Started GET "/assets/turbolinks-d9dcd5206ee131f11181e8ca09537148.js?body=1" for ::1 at 2015-03-05 22:29:23 -0700


Started GET "/assets/users-fcec5b5a277ac7c20cc9f45a209a3bcd.js?body=1" for ::1 at 2015-03-05 22:29:23 -0700


Started GET "/assets/application-c3ecf4422e5ff8b2f39d6ce3c16b44c9.js?body=1" for ::1 at 2015-03-05 22:29:23 -0700


Started GET "/signup" for ::1 at 2015-03-05 22:29:26 -0700
Processing by UsersController#new as HTML
  Rendered users/new.html.erb within layouts/application (0.5ms)
  Rendered layouts/_shim.html.erb (0.3ms)
  Rendered layouts/_header.html.erb (0.6ms)
  Rendered layouts/_footer.html.erb (0.4ms)
Completed 200 OK in 86ms (Views: 85.4ms | ActiveRecord: 0.0ms)


Started GET "/" for ::1 at 2015-03-05 22:49:46 -0700
Processing by StaticPagesController#home as HTML
  Rendered static_pages/home.html.erb within layouts/application (2.4ms)
  Rendered layouts/_shim.html.erb (0.3ms)
  Rendered layouts/_header.html.erb (0.5ms)
  Rendered layouts/_footer.html.erb (0.3ms)
Completed 200 OK in 157ms (Views: 142.5ms | ActiveRecord: 0.0ms)


Started GET "/assets/static_pages-64e62ddc273c2f5847f30d698ca14b67.css?body=1" for ::1 at 2015-03-05 22:49:46 -0700


Started GET "/assets/static_pages-46c9a194bd0668e67d57241f94473dc8.js?body=1" for ::1 at 2015-03-05 22:49:46 -0700


Started GET "/assets/jquery_ujs-e27bd20a10d28155845a22d71ef94f2f.js?body=1" for ::1 at 2015-03-05 22:49:46 -0700


Started GET "/assets/jquery-87424c3c19e96d4fb033c10ebe21ec40.js?body=1" for ::1 at 2015-03-05 22:49:46 -0700


Started GET "/assets/turbolinks-d9dcd5206ee131f11181e8ca09537148.js?body=1" for ::1 at 2015-03-05 22:49:46 -0700


Started GET "/assets/rails-be2e3e66a18126c4042f84cd4aae4cb3.png" for ::1 at 2015-03-05 22:49:46 -0700


Started GET "/signup" for ::1 at 2015-03-05 22:49:48 -0700
Processing by UsersController#new as HTML
  Rendered users/new.html.erb within layouts/application (0.4ms)
  Rendered layouts/_shim.html.erb (0.3ms)
  Rendered layouts/_header.html.erb (1.1ms)
  Rendered layouts/_footer.html.erb (0.4ms)
Completed 200 OK in 82ms (Views: 81.3ms | ActiveRecord: 0.0ms)


Started GET "/" for ::1 at 2015-03-06 05:35:39 -0700
Processing by StaticPagesController#home as HTML
  Rendered static_pages/home.html.erb within layouts/application (8.0ms)
  Rendered layouts/_shim.html.erb (0.5ms)
  Rendered layouts/_header.html.erb (1.5ms)
  Rendered layouts/_footer.html.erb (1.1ms)
Completed 200 OK in 246ms (Views: 226.1ms | ActiveRecord: 0.0ms)


Started GET "/assets/custom-46a6f17bff7c71257cc33336722fcbc3.css?body=1" for ::1 at 2015-03-06 05:35:40 -0700


Started GET "/assets/application-c988d46e6cf740b54a6d2f87f99c63dd.css?body=1" for ::1 at 2015-03-06 05:35:40 -0700


Started GET "/assets/users-64e62ddc273c2f5847f30d698ca14b67.css?body=1" for ::1 at 2015-03-06 05:35:40 -0700


Started GET "/assets/users-fcec5b5a277ac7c20cc9f45a209a3bcd.js?body=1" for ::1 at 2015-03-06 05:35:40 -0700


Started GET "/assets/application-c3ecf4422e5ff8b2f39d6ce3c16b44c9.js?body=1" for ::1 at 2015-03-06 05:35:40 -0700


Started GET "/assets/rails-be2e3e66a18126c4042f84cd4aae4cb3.png" for ::1 at 2015-03-06 05:35:40 -0700


Started GET "/" for ::1 at 2015-03-06 05:42:36 -0700
Processing by StaticPagesController#home as HTML
  Rendered static_pages/home.html.erb within layouts/application (2.7ms)
  Rendered layouts/_shim.html.erb (0.3ms)
  Rendered layouts/_header.html.erb (0.7ms)
  Rendered layouts/_footer.html.erb (0.4ms)
Completed 200 OK in 186ms (Views: 167.6ms | ActiveRecord: 0.0ms)


Started GET "/assets/custom-46a6f17bff7c71257cc33336722fcbc3.css?body=1" for ::1 at 2015-03-06 05:42:37 -0700


Started GET "/assets/jquery_ujs-e27bd20a10d28155845a22d71ef94f2f.js?body=1" for ::1 at 2015-03-06 05:42:37 -0700


Started GET "/assets/jquery-87424c3c19e96d4fb033c10ebe21ec40.js?body=1" for ::1 at 2015-03-06 05:42:37 -0700


Started GET "/assets/application-c988d46e6cf740b54a6d2f87f99c63dd.css?body=1" for ::1 at 2015-03-06 05:42:37 -0700


Started GET "/assets/users-64e62ddc273c2f5847f30d698ca14b67.css?body=1" for ::1 at 2015-03-06 05:42:37 -0700


Started GET "/assets/static_pages-64e62ddc273c2f5847f30d698ca14b67.css?body=1" for ::1 at 2015-03-06 05:42:37 -0700


Started GET "/assets/turbolinks-d9dcd5206ee131f11181e8ca09537148.js?body=1" for ::1 at 2015-03-06 05:42:37 -0700


Started GET "/assets/static_pages-46c9a194bd0668e67d57241f94473dc8.js?body=1" for ::1 at 2015-03-06 05:42:37 -0700


Started GET "/assets/users-fcec5b5a277ac7c20cc9f45a209a3bcd.js?body=1" for ::1 at 2015-03-06 05:42:37 -0700


Started GET "/assets/application-c3ecf4422e5ff8b2f39d6ce3c16b44c9.js?body=1" for ::1 at 2015-03-06 05:42:37 -0700


Started GET "/assets/rails-be2e3e66a18126c4042f84cd4aae4cb3.png" for ::1 at 2015-03-06 05:42:37 -0700


Started GET "/" for ::1 at 2015-03-06 06:20:36 -0700
Processing by StaticPagesController#home as HTML
  Rendered static_pages/home.html.erb within layouts/application (0.9ms)
  Rendered layouts/_shim.html.erb (0.0ms)
  Rendered layouts/_header.html.erb (0.3ms)
  Rendered layouts/_footer.html.erb (0.2ms)
Completed 200 OK in 108ms (Views: 107.4ms | ActiveRecord: 0.0ms)


Started GET "/assets/custom-46a6f17bff7c71257cc33336722fcbc3.css?body=1" for ::1 at 2015-03-06 06:20:37 -0700


Started GET "/assets/turbolinks-d9dcd5206ee131f11181e8ca09537148.js?body=1" for ::1 at 2015-03-06 06:20:37 -0700


Started GET "/assets/jquery_ujs-e27bd20a10d28155845a22d71ef94f2f.js?body=1" for ::1 at 2015-03-06 06:20:37 -0700


Started GET "/assets/jquery-87424c3c19e96d4fb033c10ebe21ec40.js?body=1" for ::1 at 2015-03-06 06:20:37 -0700


Started GET "/assets/static_pages-64e62ddc273c2f5847f30d698ca14b67.css?body=1" for ::1 at 2015-03-06 06:20:37 -0700


Started GET "/assets/users-64e62ddc273c2f5847f30d698ca14b67.css?body=1" for ::1 at 2015-03-06 06:20:37 -0700


Started GET "/assets/application-c988d46e6cf740b54a6d2f87f99c63dd.css?body=1" for ::1 at 2015-03-06 06:20:37 -0700


Started GET "/assets/application-c3ecf4422e5ff8b2f39d6ce3c16b44c9.js?body=1" for ::1 at 2015-03-06 06:20:37 -0700


Started GET "/assets/users-fcec5b5a277ac7c20cc9f45a209a3bcd.js?body=1" for ::1 at 2015-03-06 06:20:37 -0700


Started GET "/assets/static_pages-46c9a194bd0668e67d57241f94473dc8.js?body=1" for ::1 at 2015-03-06 06:20:37 -0700


Started GET "/assets/rails-be2e3e66a18126c4042f84cd4aae4cb3.png" for ::1 at 2015-03-06 06:20:37 -0700


Started GET "/" for ::1 at 2015-03-06 06:21:46 -0700
Processing by StaticPagesController#home as HTML
  Rendered static_pages/home.html.erb within layouts/application (0.8ms)
  Rendered layouts/_shim.html.erb (0.1ms)
  Rendered layouts/_header.html.erb (0.3ms)
  Rendered layouts/_footer.html.erb (0.2ms)
Completed 200 OK in 102ms (Views: 100.6ms | ActiveRecord: 0.0ms)


Started GET "/assets/custom-46a6f17bff7c71257cc33336722fcbc3.css?body=1" for ::1 at 2015-03-06 06:21:46 -0700


Started GET "/assets/static_pages-64e62ddc273c2f5847f30d698ca14b67.css?body=1" for ::1 at 2015-03-06 06:21:46 -0700


Started GET "/assets/turbolinks-d9dcd5206ee131f11181e8ca09537148.js?body=1" for ::1 at 2015-03-06 06:21:46 -0700


Started GET "/assets/jquery_ujs-e27bd20a10d28155845a22d71ef94f2f.js?body=1" for ::1 at 2015-03-06 06:21:46 -0700


Started GET "/assets/jquery-87424c3c19e96d4fb033c10ebe21ec40.js?body=1" for ::1 at 2015-03-06 06:21:46 -0700


Started GET "/assets/users-64e62ddc273c2f5847f30d698ca14b67.css?body=1" for ::1 at 2015-03-06 06:21:46 -0700


Started GET "/assets/application-c988d46e6cf740b54a6d2f87f99c63dd.css?body=1" for ::1 at 2015-03-06 06:21:46 -0700


Started GET "/assets/application-c3ecf4422e5ff8b2f39d6ce3c16b44c9.js?body=1" for ::1 at 2015-03-06 06:21:46 -0700


Started GET "/assets/static_pages-46c9a194bd0668e67d57241f94473dc8.js?body=1" for ::1 at 2015-03-06 06:21:46 -0700


Started GET "/assets/users-fcec5b5a277ac7c20cc9f45a209a3bcd.js?body=1" for ::1 at 2015-03-06 06:21:46 -0700


Started GET "/assets/rails-be2e3e66a18126c4042f84cd4aae4cb3.png" for ::1 at 2015-03-06 06:21:46 -0700


Started GET "/" for ::1 at 2015-03-06 06:33:36 -0700
Processing by StaticPagesController#home as HTML
  Rendered static_pages/home.html.erb within layouts/application (0.9ms)
  Rendered layouts/_shim.html.erb (0.1ms)
  Rendered layouts/_header.html.erb (0.2ms)
  Rendered layouts/_footer.html.erb (0.1ms)
Completed 200 OK in 87ms (Views: 86.0ms | ActiveRecord: 0.0ms)


Started GET "/assets/custom-46a6f17bff7c71257cc33336722fcbc3.css?body=1" for ::1 at 2015-03-06 06:33:36 -0700


Started GET "/assets/turbolinks-d9dcd5206ee131f11181e8ca09537148.js?body=1" for ::1 at 2015-03-06 06:33:36 -0700


Started GET "/assets/jquery-87424c3c19e96d4fb033c10ebe21ec40.js?body=1" for ::1 at 2015-03-06 06:33:36 -0700


Started GET "/assets/jquery_ujs-e27bd20a10d28155845a22d71ef94f2f.js?body=1" for ::1 at 2015-03-06 06:33:36 -0700


Started GET "/assets/users-64e62ddc273c2f5847f30d698ca14b67.css?body=1" for ::1 at 2015-03-06 06:33:36 -0700


Started GET "/assets/application-c988d46e6cf740b54a6d2f87f99c63dd.css?body=1" for ::1 at 2015-03-06 06:33:36 -0700


Started GET "/assets/static_pages-64e62ddc273c2f5847f30d698ca14b67.css?body=1" for ::1 at 2015-03-06 06:33:36 -0700


Started GET "/assets/static_pages-46c9a194bd0668e67d57241f94473dc8.js?body=1" for ::1 at 2015-03-06 06:33:36 -0700


Started GET "/assets/users-fcec5b5a277ac7c20cc9f45a209a3bcd.js?body=1" for ::1 at 2015-03-06 06:33:36 -0700


Started GET "/assets/application-c3ecf4422e5ff8b2f39d6ce3c16b44c9.js?body=1" for ::1 at 2015-03-06 06:33:36 -0700


Started GET "/assets/rails-be2e3e66a18126c4042f84cd4aae4cb3.png" for ::1 at 2015-03-06 06:33:36 -0700


Started GET "/signup" for ::1 at 2015-03-06 06:33:54 -0700
Processing by UsersController#new as HTML
  Rendered users/new.html.erb within layouts/application (0.5ms)
  Rendered layouts/_shim.html.erb (0.4ms)
  Rendered layouts/_header.html.erb (0.5ms)
  Rendered layouts/_footer.html.erb (0.6ms)
Completed 200 OK in 179ms (Views: 176.4ms | ActiveRecord: 0.0ms)
